INFO - array (
  0 => 
  array (
    0 => '1625',
    'id' => '1625',
    1 => '房租',
    'name' => '房租',
    2 => '1330498800',
    'account_date' => '2012-02-29',
    3 => '900',
    'balance' => '900',
    4 => '6',
    'category_id' => '6',
    5 => '',
    'location' => '',
    6 => '',
    'comment' => '',
    7 => '1',
    'type' => '1',
    'account_month' => '2012-02',
  ),
  1 => 
  array (
    0 => '1676',
    'id' => '1676',
    1 => '理发',
    'name' => '理发',
    2 => '1330239600',
    'account_date' => '2012-02-26',
    3 => '12',
    'balance' => '12',
    4 => '2',
    'category_id' => '2',
    5 => '',
    'location' => '',
    6 => '',
    'comment' => '',
    7 => '1',
    'type' => '1',
    'account_month' => '2012-02',
  ),
  2 => 
  array (
    0 => '1677',
    'id' => '1677',
    1 => '鸡蛋、青菜',
    'name' => '鸡蛋、青菜',
    2 => '1330239600',
    'account_date' => '2012-02-26',
    3 => '8.8',
    'balance' => '8.8',
    4 => '16',
    'category_id' => '16',
    5 => '翠苑菜场',
    'location' => '翠苑菜场',
    6 => '',
    'comment' => '',
    7 => '1',
    'type' => '1',
    'account_month' => '2012-02',
  ),
  3 => 
  array (
    0 => '1675',
    'id' => '1675',
    1 => '舅舅给的利是',
    'name' => '舅舅给的利是',
    2 => '1330153200',
    'account_date' => '2012-02-25',
    3 => '800',
    'balance' => '800',
    4 => '28',
    'category_id' => '28',
    5 => '',
    'location' => '',
    6 => '',
    'comment' => '',
    7 => '2',
    'type' => '2',
    'account_month' => '2012-02',
  ),
  4 => 
  array (
    0 => '1674',
    'id' => '1674',
    1 => '车票',
    'name' => '车票',
    2 => '1330153200',
    'account_date' => '2012-02-25',
    3 => '78',
    'balance' => '78',
    4 => '1',
    'category_id' => '1',
    5 => '上海-杭州',
    'location' => '上海-杭州',
    6 => '',
    'comment' => '',
    7 => '1',
    'type' => '1',
    'account_month' => '2012-02',
  ),
  5 => 
  array (
    0 => '1673',
    'id' => '1673',
    1 => '晚饭',
    'name' => '晚饭',
    2 => '1330066800',
    'account_date' => '2012-02-24',
    3 => '20.5',
    'balance' => '20.5',
    4 => '16',
    'category_id' => '16',
    5 => '北站边kfc',
    'location' => '北站边kfc',
    6 => '',
    'comment' => '',
    7 => '1',
    'type' => '1',
    'account_month' => '2012-02',
  ),
  6 => 
  array (
    0 => '1667',
    'id' => '1667',
    1 => '车票',
    'name' => '车票',
    2 => '1329980400',
    'account_date' => '2012-02-23',
    3 => '68',
    'balance' => '68',
    4 => '1',
    'category_id' => '1',
    5 => '杭州-上海',
    'location' => '杭州-上海',
    6 => '',
    'comment' => '',
    7 => '1',
    'type' => '1',
    'account_month' => '2012-02',
  ),
  7 => 
  array (
    0 => '1668',
    'id' => '1668',
    1 => '杭白菊',
    'name' => '杭白菊',
    2 => '1329980400',
    'account_date' => '2012-02-23',
    3 => '38',
    'balance' => '38',
    4 => '12',
    'category_id' => '12',
    5 => '联华',
    'location' => '联华',
    6 => '',
    'comment' => '',
    7 => '1',
    'type' => '1',
    'account_month' => '2012-02',
  ),
  8 => 
  array (
    0 => '1669',
    'id' => '1669',
    1 => '水饺',
    'name' => '水饺',
    2 => '1329980400',
    'account_date' => '2012-02-23',
    3 => '13',
    'balance' => '13',
    4 => '16',
    'category_id' => '16',
    5 => '联华',
    'location' => '联华',
    6 => '',
    'comment' => '',
    7 => '1',
    'type' => '1',
    'account_month' => '2012-02',
  ),
  9 => 
  array (
    0 => '1670',
    'id' => '1670',
    1 => '虾条、盐津提子',
    'name' => '虾条、盐津提子',
    2 => '1329980400',
    'account_date' => '2012-02-23',
    3 => '15.8',
    'balance' => '15.8',
    4 => '11',
    'category_id' => '11',
    5 => '联华',
    'location' => '联华',
    6 => '',
    'comment' => '',
    7 => '1',
    'type' => '1',
    'account_month' => '2012-02',
  ),
  10 => 
  array (
    0 => '1671',
    'id' => '1671',
    1 => '垃圾袋',
    'name' => '垃圾袋',
    2 => '1329980400',
    'account_date' => '2012-02-23',
    3 => '3.5',
    'balance' => '3.5',
    4 => '8',
    'category_id' => '8',
    5 => '联华',
    'location' => '联华',
    6 => '',
    'comment' => '',
    7 => '1',
    'type' => '1',
    'account_month' => '2012-02',
  ),
  11 => 
  array (
    0 => '1672',
    'id' => '1672',
    1 => '超市卡',
    'name' => '超市卡',
    2 => '1329980400',
    'account_date' => '2012-02-23',
    3 => '70.3',
    'balance' => '70.3',
    4 => '28',
    'category_id' => '28',
    5 => '',
    'location' => '',
    6 => '',
    'comment' => '',
    7 => '2',
    'type' => '2',
    'account_month' => '2012-02',
  ),
  12 => 
  array (
    0 => '1666',
    'id' => '1666',
    1 => '晚饭',
    'name' => '晚饭',
    2 => '1329894000',
    'account_date' => '2012-02-22',
    3 => '13',
    'balance' => '13',
    4 => '16',
    'category_id' => '16',
    5 => '味捷外卖',
    'location' => '味捷外卖',
    6 => '饭卡用光了外头又在下雨。今天晚饭试试在办公室点餐',
    'comment' => '饭卡用光了外头又在下雨。今天晚饭试试在办公室点餐',
    7 => '1',
    'type' => '1',
    'account_month' => '2012-02',
  ),
  13 => 
  array (
    0 => '1664',
    'id' => '1664',
    1 => '吃火锅',
    'name' => '吃火锅',
    2 => '1329548400',
    'account_date' => '2012-02-18',
    3 => '48',
    'balance' => '48',
    4 => '16',
    'category_id' => '16',
    5 => '同事家',
    'location' => '同事家',
    6 => '',
    'comment' => '',
    7 => '1',
    'type' => '1',
    'account_month' => '2012-02',
  ),
  14 => 
  array (
    0 => '1663',
    'id' => '1663',
    1 => '午饭',
    'name' => '午饭',
    2 => '1329548400',
    'account_date' => '2012-02-18',
    3 => '9',
    'balance' => '9',
    4 => '16',
    'category_id' => '16',
    5 => '巧燕坊',
    'location' => '巧燕坊',
    6 => '',
    'comment' => '',
    7 => '1',
    'type' => '1',
    'account_month' => '2012-02',
  ),
  15 => 
  array (
    0 => '1661',
    'id' => '1661',
    1 => '早餐',
    'name' => '早餐',
    2 => '1329289200',
    'account_date' => '2012-02-15',
    3 => '6',
    'balance' => '6',
    4 => '16',
    'category_id' => '16',
    5 => '煎饼摊',
    'location' => '煎饼摊',
    6 => '两个煎饼',
    'comment' => '两个煎饼',
    7 => '1',
    'type' => '1',
    'account_month' => '2012-02',
  ),
  16 => 
  array (
    0 => '1660',
    'id' => '1660',
    1 => '21金维他',
    'name' => '21金维他',
    2 => '1329116400',
    'account_date' => '2012-02-13',
    3 => '38.4',
    'balance' => '38.4',
    4 => '7',
    'category_id' => '7',
    5 => 'taobao',
    'location' => 'taobao',
    6 => '买三送二。。',
    'comment' => '买三送二。。',
    7 => '1',
    'type' => '1',
    'account_month' => '2012-02',
  ),
  17 => 
  array (
    0 => '1659',
    'id' => '1659',
    1 => '早餐',
    'name' => '早餐',
    2 => '1329116400',
    'account_date' => '2012-02-13',
    3 => '3',
    'balance' => '3',
    4 => '16',
    'category_id' => '16',
    5 => '',
    'location' => '',
    6 => '两菜包一肉包',
    'comment' => '两菜包一肉包',
    7 => '1',
    'type' => '1',
    'account_month' => '2012-02',
  ),
  18 => 
  array (
    0 => '1653',
    'id' => '1653',
    1 => '晚饭',
    'name' => '晚饭',
    2 => '1329030000',
    'account_date' => '2012-02-12',
    3 => '17',
    'balance' => '17',
    4 => '16',
    'category_id' => '16',
    5 => '',
    'location' => '',
    6 => '牛腩饭',
    'comment' => '牛腩饭',
    7 => '1',
    'type' => '1',
    'account_month' => '2012-02',
  ),
  19 => 
  array (
    0 => '1654',
    'id' => '1654',
    1 => '三全水饺、泡面、白糖、酱油',
    'name' => '三全水饺、泡面、白糖、酱油',
    2 => '1329030000',
    'account_date' => '2012-02-12',
    3 => '28.8',
    'balance' => '28.8',
    4 => '16',
    'category_id' => '16',
    5 => '联华',
    'location' => '联华',
    6 => '',
    'comment' => '',
    7 => '1',
    'type' => '1',
    'account_month' => '2012-02',
  ),
  20 => 
  array (
    0 => '1655',
    'id' => '1655',
    1 => '橙子',
    'name' => '橙子',
    2 => '1329030000',
    'account_date' => '2012-02-12',
    3 => '12',
    'balance' => '12',
    4 => '10',
    'category_id' => '10',
    5 => '联华',
    'location' => '联华',
    6 => '',
    'comment' => '',
    7 => '1',
    'type' => '1',
    'account_month' => '2012-02',
  ),
  21 => 
  array (
    0 => '1656',
    'id' => '1656',
    1 => '虾条',
    'name' => '虾条',
    2 => '1329030000',
    'account_date' => '2012-02-12',
    3 => '3',
    'balance' => '3',
    4 => '11',
    'category_id' => '11',
    5 => '联华',
    'location' => '联华',
    6 => '',
    'comment' => '',
    7 => '1',
    'type' => '1',
    'account_month' => '2012-02',
  ),
  22 => 
  array (
    0 => '1657',
    'id' => '1657',
    1 => '荧光笔x2',
    'name' => '荧光笔x2',
    2 => '1329030000',
    'account_date' => '2012-02-12',
    3 => '5.5',
    'balance' => '5.5',
    4 => '13',
    'category_id' => '13',
    5 => '联华',
    'location' => '联华',
    6 => '',
    'comment' => '',
    7 => '1',
    'type' => '1',
    'account_month' => '2012-02',
  ),
  23 => 
  array (
    0 => '1658',
    'id' => '1658',
    1 => '超市卡',
    'name' => '超市卡',
    2 => '1329030000',
    'account_date' => '2012-02-12',
    3 => '59.3',
    'balance' => '59.3',
    4 => '28',
    'category_id' => '28',
    5 => '联华',
    'location' => '联华',
    6 => '冲抵',
    'comment' => '冲抵',
    7 => '2',
    'type' => '2',
    'account_month' => '2012-02',
  ),
  24 => 
  array (
    0 => '1652',
    'id' => '1652',
    1 => '晚饭',
    'name' => '晚饭',
    2 => '1328943600',
    'account_date' => '2012-02-11',
    3 => '7.5',
    'balance' => '7.5',
    4 => '16',
    'category_id' => '16',
    5 => '沙县',
    'location' => '沙县',
    6 => '卤蛋要1.5啊！',
    'comment' => '卤蛋要1.5啊！',
    7 => '1',
    'type' => '1',
    'account_month' => '2012-02',
  ),
  25 => 
  array (
    0 => '1651',
    'id' => '1651',
    1 => '晚饭',
    'name' => '晚饭',
    2 => '1328857200',
    'account_date' => '2012-02-10',
    3 => '41',
    'balance' => '41',
    4 => '16',
    'category_id' => '16',
    5 => '千粥汇',
    'location' => '千粥汇',
    6 => '打完球喝粥',
    'comment' => '打完球喝粥',
    7 => '1',
    'type' => '1',
    'account_month' => '2012-02',
  ),
  26 => 
  array (
    0 => '1650',
    'id' => '1650',
    1 => '水',
    'name' => '水',
    2 => '1328857200',
    'account_date' => '2012-02-10',
    3 => '6',
    'balance' => '6',
    4 => '24',
    'category_id' => '24',
    5 => '打羽毛球',
    'location' => '打羽毛球',
    6 => '',
    'comment' => '',
    7 => '1',
    'type' => '1',
    'account_month' => '2012-02',
  ),
  27 => 
  array (
    0 => '1649',
    'id' => '1649',
    1 => '晚饭',
    'name' => '晚饭',
    2 => '1328598000',
    'account_date' => '2012-02-07',
    3 => '13',
    'balance' => '13',
    4 => '16',
    'category_id' => '16',
    5 => '沙县',
    'location' => '沙县',
    6 => '蛋炒饭+乌鸡汤，各涨了1元！',
    'comment' => '蛋炒饭+乌鸡汤，各涨了1元！',
    7 => '1',
    'type' => '1',
    'account_month' => '2012-02',
  ),
  28 => 
  array (
    0 => '1644',
    'id' => '1644',
    1 => '晚餐',
    'name' => '晚餐',
    2 => '1328338800',
    'account_date' => '2012-02-04',
    3 => '17',
    'balance' => '17',
    4 => '16',
    'category_id' => '16',
    5 => '',
    'location' => '',
    6 => '咖喱牛腩饭',
    'comment' => '咖喱牛腩饭',
    7 => '1',
    'type' => '1',
    'account_month' => '2012-02',
  ),
  29 => 
  array (
    0 => '1645',
    'id' => '1645',
    1 => '鸡蛋、麦片、汤圆、面包',
    'name' => '鸡蛋、麦片、汤圆、面包',
    2 => '1328338800',
    'account_date' => '2012-02-04',
    3 => '35.6',
    'balance' => '35.6',
    4 => '16',
    'category_id' => '16',
    5 => '物美',
    'location' => '物美',
    6 => '',
    'comment' => '',
    7 => '1',
    'type' => '1',
    'account_month' => '2012-02',
  ),
)
INFO - array (
  0 => 
  array (
    0 => '1625',
    'id' => '1625',
    1 => '房租',
    'name' => '房租',
    2 => '1330498800',
    'account_date' => '2012-02-29',
    3 => '900',
    'balance' => '900',
    4 => '6',
    'category_id' => '6',
    5 => '',
    'location' => '',
    6 => '',
    'comment' => '',
    7 => '1',
    'type' => '1',
    'account_month' => '2012-02',
  ),
  1 => 
  array (
    0 => '1676',
    'id' => '1676',
    1 => '理发',
    'name' => '理发',
    2 => '1330239600',
    'account_date' => '2012-02-26',
    3 => '12',
    'balance' => '12',
    4 => '2',
    'category_id' => '2',
    5 => '',
    'location' => '',
    6 => '',
    'comment' => '',
    7 => '1',
    'type' => '1',
    'account_month' => '2012-02',
  ),
  2 => 
  array (
    0 => '1677',
    'id' => '1677',
    1 => '鸡蛋、青菜',
    'name' => '鸡蛋、青菜',
    2 => '1330239600',
    'account_date' => '2012-02-26',
    3 => '8.8',
    'balance' => '8.8',
    4 => '16',
    'category_id' => '16',
    5 => '翠苑菜场',
    'location' => '翠苑菜场',
    6 => '',
    'comment' => '',
    7 => '1',
    'type' => '1',
    'account_month' => '2012-02',
  ),
  3 => 
  array (
    0 => '1675',
    'id' => '1675',
    1 => '舅舅给的利是',
    'name' => '舅舅给的利是',
    2 => '1330153200',
    'account_date' => '2012-02-25',
    3 => '800',
    'balance' => '800',
    4 => '28',
    'category_id' => '28',
    5 => '',
    'location' => '',
    6 => '',
    'comment' => '',
    7 => '2',
    'type' => '2',
    'account_month' => '2012-02',
  ),
  4 => 
  array (
    0 => '1674',
    'id' => '1674',
    1 => '车票',
    'name' => '车票',
    2 => '1330153200',
    'account_date' => '2012-02-25',
    3 => '78',
    'balance' => '78',
    4 => '1',
    'category_id' => '1',
    5 => '上海-杭州',
    'location' => '上海-杭州',
    6 => '',
    'comment' => '',
    7 => '1',
    'type' => '1',
    'account_month' => '2012-02',
  ),
  5 => 
  array (
    0 => '1673',
    'id' => '1673',
    1 => '晚饭',
    'name' => '晚饭',
    2 => '1330066800',
    'account_date' => '2012-02-24',
    3 => '20.5',
    'balance' => '20.5',
    4 => '16',
    'category_id' => '16',
    5 => '北站边kfc',
    'location' => '北站边kfc',
    6 => '',
    'comment' => '',
    7 => '1',
    'type' => '1',
    'account_month' => '2012-02',
  ),
  6 => 
  array (
    0 => '1667',
    'id' => '1667',
    1 => '车票',
    'name' => '车票',
    2 => '1329980400',
    'account_date' => '2012-02-23',
    3 => '68',
    'balance' => '68',
    4 => '1',
    'category_id' => '1',
    5 => '杭州-上海',
    'location' => '杭州-上海',
    6 => '',
    'comment' => '',
    7 => '1',
    'type' => '1',
    'account_month' => '2012-02',
  ),
  7 => 
  array (
    0 => '1668',
    'id' => '1668',
    1 => '杭白菊',
    'name' => '杭白菊',
    2 => '1329980400',
    'account_date' => '2012-02-23',
    3 => '38',
    'balance' => '38',
    4 => '12',
    'category_id' => '12',
    5 => '联华',
    'location' => '联华',
    6 => '',
    'comment' => '',
    7 => '1',
    'type' => '1',
    'account_month' => '2012-02',
  ),
  8 => 
  array (
    0 => '1669',
    'id' => '1669',
    1 => '水饺',
    'name' => '水饺',
    2 => '1329980400',
    'account_date' => '2012-02-23',
    3 => '13',
    'balance' => '13',
    4 => '16',
    'category_id' => '16',
    5 => '联华',
    'location' => '联华',
    6 => '',
    'comment' => '',
    7 => '1',
    'type' => '1',
    'account_month' => '2012-02',
  ),
  9 => 
  array (
    0 => '1670',
    'id' => '1670',
    1 => '虾条、盐津提子',
    'name' => '虾条、盐津提子',
    2 => '1329980400',
    'account_date' => '2012-02-23',
    3 => '15.8',
    'balance' => '15.8',
    4 => '11',
    'category_id' => '11',
    5 => '联华',
    'location' => '联华',
    6 => '',
    'comment' => '',
    7 => '1',
    'type' => '1',
    'account_month' => '2012-02',
  ),
  10 => 
  array (
    0 => '1671',
    'id' => '1671',
    1 => '垃圾袋',
    'name' => '垃圾袋',
    2 => '1329980400',
    'account_date' => '2012-02-23',
    3 => '3.5',
    'balance' => '3.5',
    4 => '8',
    'category_id' => '8',
    5 => '联华',
    'location' => '联华',
    6 => '',
    'comment' => '',
    7 => '1',
    'type' => '1',
    'account_month' => '2012-02',
  ),
  11 => 
  array (
    0 => '1672',
    'id' => '1672',
    1 => '超市卡',
    'name' => '超市卡',
    2 => '1329980400',
    'account_date' => '2012-02-23',
    3 => '70.3',
    'balance' => '70.3',
    4 => '28',
    'category_id' => '28',
    5 => '',
    'location' => '',
    6 => '',
    'comment' => '',
    7 => '2',
    'type' => '2',
    'account_month' => '2012-02',
  ),
  12 => 
  array (
    0 => '1666',
    'id' => '1666',
    1 => '晚饭',
    'name' => '晚饭',
    2 => '1329894000',
    'account_date' => '2012-02-22',
    3 => '13',
    'balance' => '13',
    4 => '16',
    'category_id' => '16',
    5 => '味捷外卖',
    'location' => '味捷外卖',
    6 => '饭卡用光了外头又在下雨。今天晚饭试试在办公室点餐',
    'comment' => '饭卡用光了外头又在下雨。今天晚饭试试在办公室点餐',
    7 => '1',
    'type' => '1',
    'account_month' => '2012-02',
  ),
  13 => 
  array (
    0 => '1664',
    'id' => '1664',
    1 => '吃火锅',
    'name' => '吃火锅',
    2 => '1329548400',
    'account_date' => '2012-02-18',
    3 => '48',
    'balance' => '48',
    4 => '16',
    'category_id' => '16',
    5 => '同事家',
    'location' => '同事家',
    6 => '',
    'comment' => '',
    7 => '1',
    'type' => '1',
    'account_month' => '2012-02',
  ),
  14 => 
  array (
    0 => '1663',
    'id' => '1663',
    1 => '午饭',
    'name' => '午饭',
    2 => '1329548400',
    'account_date' => '2012-02-18',
    3 => '9',
    'balance' => '9',
    4 => '16',
    'category_id' => '16',
    5 => '巧燕坊',
    'location' => '巧燕坊',
    6 => '',
    'comment' => '',
    7 => '1',
    'type' => '1',
    'account_month' => '2012-02',
  ),
  15 => 
  array (
    0 => '1661',
    'id' => '1661',
    1 => '早餐',
    'name' => '早餐',
    2 => '1329289200',
    'account_date' => '2012-02-15',
    3 => '6',
    'balance' => '6',
    4 => '16',
    'category_id' => '16',
    5 => '煎饼摊',
    'location' => '煎饼摊',
    6 => '两个煎饼',
    'comment' => '两个煎饼',
    7 => '1',
    'type' => '1',
    'account_month' => '2012-02',
  ),
  16 => 
  array (
    0 => '1660',
    'id' => '1660',
    1 => '21金维他',
    'name' => '21金维他',
    2 => '1329116400',
    'account_date' => '2012-02-13',
    3 => '38.4',
    'balance' => '38.4',
    4 => '7',
    'category_id' => '7',
    5 => 'taobao',
    'location' => 'taobao',
    6 => '买三送二。。',
    'comment' => '买三送二。。',
    7 => '1',
    'type' => '1',
    'account_month' => '2012-02',
  ),
  17 => 
  array (
    0 => '1659',
    'id' => '1659',
    1 => '早餐',
    'name' => '早餐',
    2 => '1329116400',
    'account_date' => '2012-02-13',
    3 => '3',
    'balance' => '3',
    4 => '16',
    'category_id' => '16',
    5 => '',
    'location' => '',
    6 => '两菜包一肉包',
    'comment' => '两菜包一肉包',
    7 => '1',
    'type' => '1',
    'account_month' => '2012-02',
  ),
  18 => 
  array (
    0 => '1653',
    'id' => '1653',
    1 => '晚饭',
    'name' => '晚饭',
    2 => '1329030000',
    'account_date' => '2012-02-12',
    3 => '17',
    'balance' => '17',
    4 => '16',
    'category_id' => '16',
    5 => '',
    'location' => '',
    6 => '牛腩饭',
    'comment' => '牛腩饭',
    7 => '1',
    'type' => '1',
    'account_month' => '2012-02',
  ),
  19 => 
  array (
    0 => '1654',
    'id' => '1654',
    1 => '三全水饺、泡面、白糖、酱油',
    'name' => '三全水饺、泡面、白糖、酱油',
    2 => '1329030000',
    'account_date' => '2012-02-12',
    3 => '28.8',
    'balance' => '28.8',
    4 => '16',
    'category_id' => '16',
    5 => '联华',
    'location' => '联华',
    6 => '',
    'comment' => '',
    7 => '1',
    'type' => '1',
    'account_month' => '2012-02',
  ),
  20 => 
  array (
    0 => '1655',
    'id' => '1655',
    1 => '橙子',
    'name' => '橙子',
    2 => '1329030000',
    'account_date' => '2012-02-12',
    3 => '12',
    'balance' => '12',
    4 => '10',
    'category_id' => '10',
    5 => '联华',
    'location' => '联华',
    6 => '',
    'comment' => '',
    7 => '1',
    'type' => '1',
    'account_month' => '2012-02',
  ),
  21 => 
  array (
    0 => '1656',
    'id' => '1656',
    1 => '虾条',
    'name' => '虾条',
    2 => '1329030000',
    'account_date' => '2012-02-12',
    3 => '3',
    'balance' => '3',
    4 => '11',
    'category_id' => '11',
    5 => '联华',
    'location' => '联华',
    6 => '',
    'comment' => '',
    7 => '1',
    'type' => '1',
    'account_month' => '2012-02',
  ),
  22 => 
  array (
    0 => '1657',
    'id' => '1657',
    1 => '荧光笔x2',
    'name' => '荧光笔x2',
    2 => '1329030000',
    'account_date' => '2012-02-12',
    3 => '5.5',
    'balance' => '5.5',
    4 => '13',
    'category_id' => '13',
    5 => '联华',
    'location' => '联华',
    6 => '',
    'comment' => '',
    7 => '1',
    'type' => '1',
    'account_month' => '2012-02',
  ),
  23 => 
  array (
    0 => '1658',
    'id' => '1658',
    1 => '超市卡',
    'name' => '超市卡',
    2 => '1329030000',
    'account_date' => '2012-02-12',
    3 => '59.3',
    'balance' => '59.3',
    4 => '28',
    'category_id' => '28',
    5 => '联华',
    'location' => '联华',
    6 => '冲抵',
    'comment' => '冲抵',
    7 => '2',
    'type' => '2',
    'account_month' => '2012-02',
  ),
  24 => 
  array (
    0 => '1652',
    'id' => '1652',
    1 => '晚饭',
    'name' => '晚饭',
    2 => '1328943600',
    'account_date' => '2012-02-11',
    3 => '7.5',
    'balance' => '7.5',
    4 => '16',
    'category_id' => '16',
    5 => '沙县',
    'location' => '沙县',
    6 => '卤蛋要1.5啊！',
    'comment' => '卤蛋要1.5啊！',
    7 => '1',
    'type' => '1',
    'account_month' => '2012-02',
  ),
  25 => 
  array (
    0 => '1651',
    'id' => '1651',
    1 => '晚饭',
    'name' => '晚饭',
    2 => '1328857200',
    'account_date' => '2012-02-10',
    3 => '41',
    'balance' => '41',
    4 => '16',
    'category_id' => '16',
    5 => '千粥汇',
    'location' => '千粥汇',
    6 => '打完球喝粥',
    'comment' => '打完球喝粥',
    7 => '1',
    'type' => '1',
    'account_month' => '2012-02',
  ),
  26 => 
  array (
    0 => '1650',
    'id' => '1650',
    1 => '水',
    'name' => '水',
    2 => '1328857200',
    'account_date' => '2012-02-10',
    3 => '6',
    'balance' => '6',
    4 => '24',
    'category_id' => '24',
    5 => '打羽毛球',
    'location' => '打羽毛球',
    6 => '',
    'comment' => '',
    7 => '1',
    'type' => '1',
    'account_month' => '2012-02',
  ),
  27 => 
  array (
    0 => '1649',
    'id' => '1649',
    1 => '晚饭',
    'name' => '晚饭',
    2 => '1328598000',
    'account_date' => '2012-02-07',
    3 => '13',
    'balance' => '13',
    4 => '16',
    'category_id' => '16',
    5 => '沙县',
    'location' => '沙县',
    6 => '蛋炒饭+乌鸡汤，各涨了1元！',
    'comment' => '蛋炒饭+乌鸡汤，各涨了1元！',
    7 => '1',
    'type' => '1',
    'account_month' => '2012-02',
  ),
  28 => 
  array (
    0 => '1644',
    'id' => '1644',
    1 => '晚餐',
    'name' => '晚餐',
    2 => '1328338800',
    'account_date' => '2012-02-04',
    3 => '17',
    'balance' => '17',
    4 => '16',
    'category_id' => '16',
    5 => '',
    'location' => '',
    6 => '咖喱牛腩饭',
    'comment' => '咖喱牛腩饭',
    7 => '1',
    'type' => '1',
    'account_month' => '2012-02',
  ),
  29 => 
  array (
    0 => '1645',
    'id' => '1645',
    1 => '鸡蛋、麦片、汤圆、面包',
    'name' => '鸡蛋、麦片、汤圆、面包',
    2 => '1328338800',
    'account_date' => '2012-02-04',
    3 => '35.6',
    'balance' => '35.6',
    4 => '16',
    'category_id' => '16',
    5 => '物美',
    'location' => '物美',
    6 => '',
    'comment' => '',
    7 => '1',
    'type' => '1',
    'account_month' => '2012-02',
  ),
)
